2025-04-09 09:33:02.495; neo.spider.solution.E2E; 1744158782494; 134f3786-3c23-4d6e-a19b-eab5918c701c; http://localhost:9090/batch/logtodb/1/GET; user-8a4cb5ea; 0:0:0:0:0:0:0:1; Desktop; USER; http://localhost:9090/batch/logtodb/1/GET; ; ; ; ;  
2025-04-09 09:33:02.535; neo.spider.solution.E2E; 1744158782534; 134f3786-3c23-4d6e-a19b-eab5918c701c; http://localhost:9090/batch/logtodb/1/GET; user-8a4cb5ea; 0:0:0:0:0:0:0:1; Desktop; http://localhost:9090/batch/logtodb/1/GET; BatchController.logToDbTest; ; ; ; ;  
2025-04-09 09:33:04.318; neo.spider.solution.E2E; 1744158784318; 134f3786-3c23-4d6e-a19b-eab5918c701c; http://localhost:9090/batch/logtodb/1/GET; user-8a4cb5ea; 0:0:0:0:0:0:0:1; Desktop; BatchController.logToDbTest; http://localhost:9090/batch/logtodb/1/GET; 1784; ; ; ;  
2025-04-09 09:33:04.334; neo.spider.solution.E2E; 1744158784334; 134f3786-3c23-4d6e-a19b-eab5918c701c; http://localhost:9090/batch/logtodb/1/GET; user-8a4cb5ea; 0:0:0:0:0:0:0:1; Desktop; http://localhost:9090/batch/logtodb/1/GET; USER; 1840; ; ; ;  
2025-04-09 09:33:22.069; neo.spider.solution.E2E; 1744158802069; 6de2ae4a-45d2-4ba2-a394-00362da9c401; http://localhost:9090/item/GET; user-bfe9d1a3; 0:0:0:0:0:0:0:1; Desktop; USER; http://localhost:9090/item/GET; ; ; ; ;  
2025-04-09 09:33:22.073; neo.spider.solution.E2E; 1744158802073; 6de2ae4a-45d2-4ba2-a394-00362da9c401; http://localhost:9090/item/GET; user-bfe9d1a3; 0:0:0:0:0:0:0:1; Desktop; http://localhost:9090/item/GET; TestController.getItem; ; ; ; ;  
2025-04-09 09:33:22.073; neo.spider.solution.E2E; 1744158802073; 6de2ae4a-45d2-4ba2-a394-00362da9c401; http://localhost:9090/item/GET; user-bfe9d1a3; 0:0:0:0:0:0:0:1; Desktop; TestController.getItem; TestService.getItemById; ; ; ; ;  
2025-04-09 09:33:22.098; neo.spider.solution.E2E; 1744158802098; 6de2ae4a-45d2-4ba2-a394-00362da9c401; http://localhost:9090/item/GET; user-bfe9d1a3; 0:0:0:0:0:0:0:1; Desktop; TestService.getItemById; TestService.getItemById; 9; ; ; DataBase Access Delayed!!!!; SELECT * FROM item WHERE id = ? 
2025-04-09 09:33:22.098; neo.spider.solution.E2E; 1744158802098; 6de2ae4a-45d2-4ba2-a394-00362da9c401; http://localhost:9090/item/GET; user-bfe9d1a3; 0:0:0:0:0:0:0:1; Desktop; TestService.getItemById; TestController.getItem; 25; ; ; ;  
2025-04-09 09:33:22.098; neo.spider.solution.E2E; 1744158802098; 6de2ae4a-45d2-4ba2-a394-00362da9c401; http://localhost:9090/item/GET; user-bfe9d1a3; 0:0:0:0:0:0:0:1; Desktop; TestController.getItem; http://localhost:9090/item/GET; 25; ; ; ;  
2025-04-09 09:33:22.125; neo.spider.solution.E2E; 1744158802125; 6de2ae4a-45d2-4ba2-a394-00362da9c401; http://localhost:9090/item/GET; user-bfe9d1a3; 0:0:0:0:0:0:0:1; Desktop; http://localhost:9090/item/GET; USER; 56; ; ; ;  
2025-04-09 09:33:23.341; neo.spider.solution.E2E; 1744158803341; 07d2c6a3-31c5-404a-81b1-2c7fa5b4efa1; http://localhost:9090/item/GET; user-75fd94fd; 0:0:0:0:0:0:0:1; Desktop; USER; http://localhost:9090/item/GET; ; ; ; ;  
2025-04-09 09:33:23.341; neo.spider.solution.E2E; 1744158803341; 07d2c6a3-31c5-404a-81b1-2c7fa5b4efa1; http://localhost:9090/item/GET; user-75fd94fd; 0:0:0:0:0:0:0:1; Desktop; http://localhost:9090/item/GET; TestController.getItem; ; ; ; ;  
2025-04-09 09:33:23.341; neo.spider.solution.E2E; 1744158803341; 07d2c6a3-31c5-404a-81b1-2c7fa5b4efa1; http://localhost:9090/item/GET; user-75fd94fd; 0:0:0:0:0:0:0:1; Desktop; TestController.getItem; TestService.getItemById; ; ; ; ;  
2025-04-09 09:33:23.367; neo.spider.solution.E2E; 1744158803367; 07d2c6a3-31c5-404a-81b1-2c7fa5b4efa1; http://localhost:9090/item/GET; user-75fd94fd; 0:0:0:0:0:0:0:1; Desktop; TestService.getItemById; TestService.getItemById; 5; ; ; DataBase Access Delayed!!!!; SELECT * FROM item WHERE id = ? 
2025-04-09 09:33:23.367; neo.spider.solution.E2E; 1744158803367; 07d2c6a3-31c5-404a-81b1-2c7fa5b4efa1; http://localhost:9090/item/GET; user-75fd94fd; 0:0:0:0:0:0:0:1; Desktop; TestService.getItemById; TestController.getItem; 26; ; ; ;  
2025-04-09 09:33:23.368; neo.spider.solution.E2E; 1744158803368; 07d2c6a3-31c5-404a-81b1-2c7fa5b4efa1; http://localhost:9090/item/GET; user-75fd94fd; 0:0:0:0:0:0:0:1; Desktop; TestController.getItem; http://localhost:9090/item/GET; 27; ; ; ;  
2025-04-09 09:33:23.370; neo.spider.solution.E2E; 1744158803370; 07d2c6a3-31c5-404a-81b1-2c7fa5b4efa1; http://localhost:9090/item/GET; user-75fd94fd; 0:0:0:0:0:0:0:1; Desktop; http://localhost:9090/item/GET; USER; 29; ; ; ;  
2025-04-09 09:33:23.672; neo.spider.solution.E2E; 1744158803672; 131f1058-3d29-4dbe-ac91-e683177c9826; http://localhost:9090/item/GET; user-91211dea; 0:0:0:0:0:0:0:1; Desktop; USER; http://localhost:9090/item/GET; ; ; ; ;  
2025-04-09 09:33:23.673; neo.spider.solution.E2E; 1744158803673; 131f1058-3d29-4dbe-ac91-e683177c9826; http://localhost:9090/item/GET; user-91211dea; 0:0:0:0:0:0:0:1; Desktop; http://localhost:9090/item/GET; TestController.getItem; ; ; ; ;  
2025-04-09 09:33:23.673; neo.spider.solution.E2E; 1744158803673; 131f1058-3d29-4dbe-ac91-e683177c9826; http://localhost:9090/item/GET; user-91211dea; 0:0:0:0:0:0:0:1; Desktop; TestController.getItem; TestService.getItemById; ; ; ; ;  
2025-04-09 09:33:23.678; neo.spider.solution.E2E; 1744158803678; 131f1058-3d29-4dbe-ac91-e683177c9826; http://localhost:9090/item/GET; user-91211dea; 0:0:0:0:0:0:0:1; Desktop; TestService.getItemById; TestService.getItemById; 5; ; ; DataBase Access Delayed!!!!; SELECT * FROM item WHERE id = ? 
2025-04-09 09:33:23.679; neo.spider.solution.E2E; 1744158803679; 131f1058-3d29-4dbe-ac91-e683177c9826; http://localhost:9090/item/GET; user-91211dea; 0:0:0:0:0:0:0:1; Desktop; TestService.getItemById; TestController.getItem; 6; ; ; ;  
2025-04-09 09:33:23.679; neo.spider.solution.E2E; 1744158803679; 131f1058-3d29-4dbe-ac91-e683177c9826; http://localhost:9090/item/GET; user-91211dea; 0:0:0:0:0:0:0:1; Desktop; TestController.getItem; http://localhost:9090/item/GET; 6; ; ; ;  
2025-04-09 09:33:23.679; neo.spider.solution.E2E; 1744158803679; 131f1058-3d29-4dbe-ac91-e683177c9826; http://localhost:9090/item/GET; user-91211dea; 0:0:0:0:0:0:0:1; Desktop; http://localhost:9090/item/GET; USER; 7; ; ; ;  
2025-04-09 09:33:27.506; neo.spider.solution.E2E; 1744158807506; de3af1e7-c45a-4c44-a0fc-06a277d6f179; http://localhost:9090/item/GET; user-36f0f47a; 0:0:0:0:0:0:0:1; Desktop; USER; http://localhost:9090/item/GET; ; ; ; ;  
2025-04-09 09:33:27.507; neo.spider.solution.E2E; 1744158807507; de3af1e7-c45a-4c44-a0fc-06a277d6f179; http://localhost:9090/item/GET; user-36f0f47a; 0:0:0:0:0:0:0:1; Desktop; http://localhost:9090/item/GET; TestController.getItem; ; ; ; ;  
2025-04-09 09:33:27.507; neo.spider.solution.E2E; 1744158807507; de3af1e7-c45a-4c44-a0fc-06a277d6f179; http://localhost:9090/item/GET; user-36f0f47a; 0:0:0:0:0:0:0:1; Desktop; TestController.getItem; TestService.getItemById; ; ; ; ;  
2025-04-09 09:33:27.516; neo.spider.solution.E2E; 1744158807516; de3af1e7-c45a-4c44-a0fc-06a277d6f179; http://localhost:9090/item/GET; user-36f0f47a; 0:0:0:0:0:0:0:1; Desktop; TestService.getItemById; TestService.getItemById; 6; ; ; DataBase Access Delayed!!!!; SELECT * FROM item WHERE id = ? 
2025-04-09 09:33:27.516; neo.spider.solution.E2E; 1744158807516; de3af1e7-c45a-4c44-a0fc-06a277d6f179; http://localhost:9090/item/GET; user-36f0f47a; 0:0:0:0:0:0:0:1; Desktop; TestService.getItemById; TestController.getItem; 9; ; ; ;  
2025-04-09 09:33:27.516; neo.spider.solution.E2E; 1744158807516; de3af1e7-c45a-4c44-a0fc-06a277d6f179; http://localhost:9090/item/GET; user-36f0f47a; 0:0:0:0:0:0:0:1; Desktop; TestController.getItem; http://localhost:9090/item/GET; 9; ; ; ;  
2025-04-09 09:33:27.517; neo.spider.solution.E2E; 1744158807517; de3af1e7-c45a-4c44-a0fc-06a277d6f179; http://localhost:9090/item/GET; user-36f0f47a; 0:0:0:0:0:0:0:1; Desktop; http://localhost:9090/item/GET; USER; 11; ; ; ;  
2025-04-09 09:33:28.433; neo.spider.solution.E2E; 1744158808433; 466b1570-3909-408d-a568-cb507c854373; http://localhost:9090/item/GET; user-a457cb56; 0:0:0:0:0:0:0:1; Desktop; USER; http://localhost:9090/item/GET; ; ; ; ;  
2025-04-09 09:33:28.433; neo.spider.solution.E2E; 1744158808433; 466b1570-3909-408d-a568-cb507c854373; http://localhost:9090/item/GET; user-a457cb56; 0:0:0:0:0:0:0:1; Desktop; http://localhost:9090/item/GET; TestController.getItem; ; ; ; ;  
2025-04-09 09:33:28.433; neo.spider.solution.E2E; 1744158808433; 466b1570-3909-408d-a568-cb507c854373; http://localhost:9090/item/GET; user-a457cb56; 0:0:0:0:0:0:0:1; Desktop; TestController.getItem; TestService.getItemById; ; ; ; ;  
2025-04-09 09:33:28.438; neo.spider.solution.E2E; 1744158808438; 466b1570-3909-408d-a568-cb507c854373; http://localhost:9090/item/GET; user-a457cb56; 0:0:0:0:0:0:0:1; Desktop; TestService.getItemById; TestService.getItemById; 2; ; ; DataBase Access Delayed!!!!; SELECT * FROM item WHERE id = ? 
2025-04-09 09:33:28.439; neo.spider.solution.E2E; 1744158808439; 466b1570-3909-408d-a568-cb507c854373; http://localhost:9090/item/GET; user-a457cb56; 0:0:0:0:0:0:0:1; Desktop; TestService.getItemById; TestController.getItem; 6; ; ; ;  
2025-04-09 09:33:28.439; neo.spider.solution.E2E; 1744158808439; 466b1570-3909-408d-a568-cb507c854373; http://localhost:9090/item/GET; user-a457cb56; 0:0:0:0:0:0:0:1; Desktop; TestController.getItem; http://localhost:9090/item/GET; 6; ; ; ;  
2025-04-09 09:33:28.439; neo.spider.solution.E2E; 1744158808439; 466b1570-3909-408d-a568-cb507c854373; http://localhost:9090/item/GET; user-a457cb56; 0:0:0:0:0:0:0:1; Desktop; http://localhost:9090/item/GET; USER; 6; ; ; ;  
2025-04-09 09:33:28.764; neo.spider.solution.E2E; 1744158808764; 3de59fda-1a2a-4ef1-b2fb-c48642c9a7d2; http://localhost:9090/item/GET; user-d4fda264; 0:0:0:0:0:0:0:1; Desktop; USER; http://localhost:9090/item/GET; ; ; ; ;  
2025-04-09 09:33:28.764; neo.spider.solution.E2E; 1744158808764; 3de59fda-1a2a-4ef1-b2fb-c48642c9a7d2; http://localhost:9090/item/GET; user-d4fda264; 0:0:0:0:0:0:0:1; Desktop; http://localhost:9090/item/GET; TestController.getItem; ; ; ; ;  
2025-04-09 09:33:28.764; neo.spider.solution.E2E; 1744158808764; 3de59fda-1a2a-4ef1-b2fb-c48642c9a7d2; http://localhost:9090/item/GET; user-d4fda264; 0:0:0:0:0:0:0:1; Desktop; TestController.getItem; TestService.getItemById; ; ; ; ;  
2025-04-09 09:33:28.769; neo.spider.solution.E2E; 1744158808769; 3de59fda-1a2a-4ef1-b2fb-c48642c9a7d2; http://localhost:9090/item/GET; user-d4fda264; 0:0:0:0:0:0:0:1; Desktop; TestService.getItemById; TestService.getItemById; 4; ; ; DataBase Access Delayed!!!!; SELECT * FROM item WHERE id = ? 
2025-04-09 09:33:28.769; neo.spider.solution.E2E; 1744158808769; 3de59fda-1a2a-4ef1-b2fb-c48642c9a7d2; http://localhost:9090/item/GET; user-d4fda264; 0:0:0:0:0:0:0:1; Desktop; TestService.getItemById; TestController.getItem; 5; ; ; ;  
2025-04-09 09:33:28.769; neo.spider.solution.E2E; 1744158808769; 3de59fda-1a2a-4ef1-b2fb-c48642c9a7d2; http://localhost:9090/item/GET; user-d4fda264; 0:0:0:0:0:0:0:1; Desktop; TestController.getItem; http://localhost:9090/item/GET; 5; ; ; ;  
2025-04-09 09:33:28.770; neo.spider.solution.E2E; 1744158808770; 3de59fda-1a2a-4ef1-b2fb-c48642c9a7d2; http://localhost:9090/item/GET; user-d4fda264; 0:0:0:0:0:0:0:1; Desktop; http://localhost:9090/item/GET; USER; 6; ; ; ;  
2025-04-09 09:33:29.140; neo.spider.solution.E2E; 1744158809140; 6a433a52-e403-4322-a73d-67bd9b617142; http://localhost:9090/item/GET; user-84b9ee32; 0:0:0:0:0:0:0:1; Desktop; USER; http://localhost:9090/item/GET; ; ; ; ;  
2025-04-09 09:33:29.141; neo.spider.solution.E2E; 1744158809141; 6a433a52-e403-4322-a73d-67bd9b617142; http://localhost:9090/item/GET; user-84b9ee32; 0:0:0:0:0:0:0:1; Desktop; http://localhost:9090/item/GET; TestController.getItem; ; ; ; ;  
2025-04-09 09:33:29.141; neo.spider.solution.E2E; 1744158809141; 6a433a52-e403-4322-a73d-67bd9b617142; http://localhost:9090/item/GET; user-84b9ee32; 0:0:0:0:0:0:0:1; Desktop; TestController.getItem; TestService.getItemById; ; ; ; ;  
2025-04-09 09:33:29.145; neo.spider.solution.E2E; 1744158809145; 6a433a52-e403-4322-a73d-67bd9b617142; http://localhost:9090/item/GET; user-84b9ee32; 0:0:0:0:0:0:0:1; Desktop; TestService.getItemById; TestService.getItemById; 3; ; ; DataBase Access Delayed!!!!; SELECT * FROM item WHERE id = ? 
2025-04-09 09:33:29.145; neo.spider.solution.E2E; 1744158809145; 6a433a52-e403-4322-a73d-67bd9b617142; http://localhost:9090/item/GET; user-84b9ee32; 0:0:0:0:0:0:0:1; Desktop; TestService.getItemById; TestController.getItem; 4; ; ; ;  
2025-04-09 09:33:29.145; neo.spider.solution.E2E; 1744158809145; 6a433a52-e403-4322-a73d-67bd9b617142; http://localhost:9090/item/GET; user-84b9ee32; 0:0:0:0:0:0:0:1; Desktop; TestController.getItem; http://localhost:9090/item/GET; 4; ; ; ;  
2025-04-09 09:33:29.146; neo.spider.solution.E2E; 1744158809146; 6a433a52-e403-4322-a73d-67bd9b617142; http://localhost:9090/item/GET; user-84b9ee32; 0:0:0:0:0:0:0:1; Desktop; http://localhost:9090/item/GET; USER; 6; ; ; ;  
2025-04-09 09:33:29.428; neo.spider.solution.E2E; 1744158809428; dc2a3754-d016-45a9-b145-9aacce3d7393; http://localhost:9090/item/GET; user-0180da57; 0:0:0:0:0:0:0:1; Desktop; USER; http://localhost:9090/item/GET; ; ; ; ;  
2025-04-09 09:33:29.429; neo.spider.solution.E2E; 1744158809429; dc2a3754-d016-45a9-b145-9aacce3d7393; http://localhost:9090/item/GET; user-0180da57; 0:0:0:0:0:0:0:1; Desktop; http://localhost:9090/item/GET; TestController.getItem; ; ; ; ;  
2025-04-09 09:33:29.429; neo.spider.solution.E2E; 1744158809429; dc2a3754-d016-45a9-b145-9aacce3d7393; http://localhost:9090/item/GET; user-0180da57; 0:0:0:0:0:0:0:1; Desktop; TestController.getItem; TestService.getItemById; ; ; ; ;  
2025-04-09 09:33:29.434; neo.spider.solution.E2E; 1744158809434; dc2a3754-d016-45a9-b145-9aacce3d7393; http://localhost:9090/item/GET; user-0180da57; 0:0:0:0:0:0:0:1; Desktop; TestService.getItemById; TestService.getItemById; 4; ; ; DataBase Access Delayed!!!!; SELECT * FROM item WHERE id = ? 
2025-04-09 09:33:29.434; neo.spider.solution.E2E; 1744158809434; dc2a3754-d016-45a9-b145-9aacce3d7393; http://localhost:9090/item/GET; user-0180da57; 0:0:0:0:0:0:0:1; Desktop; TestService.getItemById; TestController.getItem; 5; ; ; ;  
2025-04-09 09:33:29.434; neo.spider.solution.E2E; 1744158809434; dc2a3754-d016-45a9-b145-9aacce3d7393; http://localhost:9090/item/GET; user-0180da57; 0:0:0:0:0:0:0:1; Desktop; TestController.getItem; http://localhost:9090/item/GET; 5; ; ; ;  
2025-04-09 09:33:29.435; neo.spider.solution.E2E; 1744158809435; dc2a3754-d016-45a9-b145-9aacce3d7393; http://localhost:9090/item/GET; user-0180da57; 0:0:0:0:0:0:0:1; Desktop; http://localhost:9090/item/GET; USER; 7; ; ; ;  
2025-04-09 09:33:29.808; neo.spider.solution.E2E; 1744158809808; fa0a31d2-bbe8-4e00-b9e7-83c79c3cdf1b; http://localhost:9090/item/GET; user-3aa8c949; 0:0:0:0:0:0:0:1; Desktop; USER; http://localhost:9090/item/GET; ; ; ; ;  
2025-04-09 09:33:29.809; neo.spider.solution.E2E; 1744158809809; fa0a31d2-bbe8-4e00-b9e7-83c79c3cdf1b; http://localhost:9090/item/GET; user-3aa8c949; 0:0:0:0:0:0:0:1; Desktop; http://localhost:9090/item/GET; TestController.getItem; ; ; ; ;  
2025-04-09 09:33:29.809; neo.spider.solution.E2E; 1744158809809; fa0a31d2-bbe8-4e00-b9e7-83c79c3cdf1b; http://localhost:9090/item/GET; user-3aa8c949; 0:0:0:0:0:0:0:1; Desktop; TestController.getItem; TestService.getItemById; ; ; ; ;  
2025-04-09 09:33:29.814; neo.spider.solution.E2E; 1744158809814; fa0a31d2-bbe8-4e00-b9e7-83c79c3cdf1b; http://localhost:9090/item/GET; user-3aa8c949; 0:0:0:0:0:0:0:1; Desktop; TestService.getItemById; TestService.getItemById; 4; ; ; DataBase Access Delayed!!!!; SELECT * FROM item WHERE id = ? 
2025-04-09 09:33:29.814; neo.spider.solution.E2E; 1744158809814; fa0a31d2-bbe8-4e00-b9e7-83c79c3cdf1b; http://localhost:9090/item/GET; user-3aa8c949; 0:0:0:0:0:0:0:1; Desktop; TestService.getItemById; TestController.getItem; 5; ; ; ;  
2025-04-09 09:33:29.814; neo.spider.solution.E2E; 1744158809814; fa0a31d2-bbe8-4e00-b9e7-83c79c3cdf1b; http://localhost:9090/item/GET; user-3aa8c949; 0:0:0:0:0:0:0:1; Desktop; TestController.getItem; http://localhost:9090/item/GET; 5; ; ; ;  
2025-04-09 09:33:29.815; neo.spider.solution.E2E; 1744158809815; fa0a31d2-bbe8-4e00-b9e7-83c79c3cdf1b; http://localhost:9090/item/GET; user-3aa8c949; 0:0:0:0:0:0:0:1; Desktop; http://localhost:9090/item/GET; USER; 7; ; ; ;  
2025-04-09 09:33:30.127; neo.spider.solution.E2E; 1744158810127; c05b473a-33dc-423c-a31f-9917698f938b; http://localhost:9090/item/GET; user-e17034ce; 0:0:0:0:0:0:0:1; Desktop; USER; http://localhost:9090/item/GET; ; ; ; ;  
2025-04-09 09:33:30.128; neo.spider.solution.E2E; 1744158810128; c05b473a-33dc-423c-a31f-9917698f938b; http://localhost:9090/item/GET; user-e17034ce; 0:0:0:0:0:0:0:1; Desktop; http://localhost:9090/item/GET; TestController.getItem; ; ; ; ;  
2025-04-09 09:33:30.128; neo.spider.solution.E2E; 1744158810128; c05b473a-33dc-423c-a31f-9917698f938b; http://localhost:9090/item/GET; user-e17034ce; 0:0:0:0:0:0:0:1; Desktop; TestController.getItem; TestService.getItemById; ; ; ; ;  
2025-04-09 09:33:30.132; neo.spider.solution.E2E; 1744158810132; c05b473a-33dc-423c-a31f-9917698f938b; http://localhost:9090/item/GET; user-e17034ce; 0:0:0:0:0:0:0:1; Desktop; TestService.getItemById; TestService.getItemById; 4; ; ; DataBase Access Delayed!!!!; SELECT * FROM item WHERE id = ? 
2025-04-09 09:33:30.132; neo.spider.solution.E2E; 1744158810132; c05b473a-33dc-423c-a31f-9917698f938b; http://localhost:9090/item/GET; user-e17034ce; 0:0:0:0:0:0:0:1; Desktop; TestService.getItemById; TestController.getItem; 4; ; ; ;  
2025-04-09 09:33:30.132; neo.spider.solution.E2E; 1744158810132; c05b473a-33dc-423c-a31f-9917698f938b; http://localhost:9090/item/GET; user-e17034ce; 0:0:0:0:0:0:0:1; Desktop; TestController.getItem; http://localhost:9090/item/GET; 4; ; ; ;  
2025-04-09 09:33:30.132; neo.spider.solution.E2E; 1744158810132; c05b473a-33dc-423c-a31f-9917698f938b; http://localhost:9090/item/GET; user-e17034ce; 0:0:0:0:0:0:0:1; Desktop; http://localhost:9090/item/GET; USER; 5; ; ; ;  
2025-04-09 09:33:30.490; neo.spider.solution.E2E; 1744158810490; 6cbf3de2-b5be-4ff6-8597-a91776fbbd83; http://localhost:9090/item/GET; user-0a2b27b8; 0:0:0:0:0:0:0:1; Desktop; USER; http://localhost:9090/item/GET; ; ; ; ;  
2025-04-09 09:33:30.492; neo.spider.solution.E2E; 1744158810492; 6cbf3de2-b5be-4ff6-8597-a91776fbbd83; http://localhost:9090/item/GET; user-0a2b27b8; 0:0:0:0:0:0:0:1; Desktop; http://localhost:9090/item/GET; TestController.getItem; ; ; ; ;  
2025-04-09 09:33:30.492; neo.spider.solution.E2E; 1744158810492; 6cbf3de2-b5be-4ff6-8597-a91776fbbd83; http://localhost:9090/item/GET; user-0a2b27b8; 0:0:0:0:0:0:0:1; Desktop; TestController.getItem; TestService.getItemById; ; ; ; ;  
2025-04-09 09:33:30.495; neo.spider.solution.E2E; 1744158810495; 6cbf3de2-b5be-4ff6-8597-a91776fbbd83; http://localhost:9090/item/GET; user-0a2b27b8; 0:0:0:0:0:0:0:1; Desktop; TestService.getItemById; TestService.getItemById; 3; ; ; DataBase Access Delayed!!!!; SELECT * FROM item WHERE id = ? 
2025-04-09 09:33:30.496; neo.spider.solution.E2E; 1744158810496; 6cbf3de2-b5be-4ff6-8597-a91776fbbd83; http://localhost:9090/item/GET; user-0a2b27b8; 0:0:0:0:0:0:0:1; Desktop; TestService.getItemById; TestController.getItem; 4; ; ; ;  
2025-04-09 09:33:30.496; neo.spider.solution.E2E; 1744158810496; 6cbf3de2-b5be-4ff6-8597-a91776fbbd83; http://localhost:9090/item/GET; user-0a2b27b8; 0:0:0:0:0:0:0:1; Desktop; TestController.getItem; http://localhost:9090/item/GET; 4; ; ; ;  
2025-04-09 09:33:30.496; neo.spider.solution.E2E; 1744158810496; 6cbf3de2-b5be-4ff6-8597-a91776fbbd83; http://localhost:9090/item/GET; user-0a2b27b8; 0:0:0:0:0:0:0:1; Desktop; http://localhost:9090/item/GET; USER; 6; ; ; ;  
2025-04-09 09:33:31.079; neo.spider.solution.E2E; 1744158811079; 2b22303d-0a8a-493d-825f-e09a453d47f9; http://localhost:9090/item/GET; user-d07618b2; 0:0:0:0:0:0:0:1; Desktop; USER; http://localhost:9090/item/GET; ; ; ; ;  
2025-04-09 09:33:31.080; neo.spider.solution.E2E; 1744158811080; 2b22303d-0a8a-493d-825f-e09a453d47f9; http://localhost:9090/item/GET; user-d07618b2; 0:0:0:0:0:0:0:1; Desktop; http://localhost:9090/item/GET; TestController.getItem; ; ; ; ;  
2025-04-09 09:33:31.080; neo.spider.solution.E2E; 1744158811080; 2b22303d-0a8a-493d-825f-e09a453d47f9; http://localhost:9090/item/GET; user-d07618b2; 0:0:0:0:0:0:0:1; Desktop; TestController.getItem; TestService.getItemById; ; ; ; ;  
2025-04-09 09:33:31.089; neo.spider.solution.E2E; 1744158811089; 2b22303d-0a8a-493d-825f-e09a453d47f9; http://localhost:9090/item/GET; user-d07618b2; 0:0:0:0:0:0:0:1; Desktop; TestService.getItemById; TestService.getItemById; 4; ; ; DataBase Access Delayed!!!!; SELECT * FROM item WHERE id = ? 
2025-04-09 09:33:31.089; neo.spider.solution.E2E; 1744158811089; 2b22303d-0a8a-493d-825f-e09a453d47f9; http://localhost:9090/item/GET; user-d07618b2; 0:0:0:0:0:0:0:1; Desktop; TestService.getItemById; TestController.getItem; 9; ; ; ;  
2025-04-09 09:33:31.089; neo.spider.solution.E2E; 1744158811089; 2b22303d-0a8a-493d-825f-e09a453d47f9; http://localhost:9090/item/GET; user-d07618b2; 0:0:0:0:0:0:0:1; Desktop; TestController.getItem; http://localhost:9090/item/GET; 9; ; ; ;  
2025-04-09 09:33:31.090; neo.spider.solution.E2E; 1744158811090; 2b22303d-0a8a-493d-825f-e09a453d47f9; http://localhost:9090/item/GET; user-d07618b2; 0:0:0:0:0:0:0:1; Desktop; http://localhost:9090/item/GET; USER; 11; ; ; ;  
2025-04-09 09:33:31.671; neo.spider.solution.E2E; 1744158811670; f072dfce-c8ed-4cba-9e6e-4313d3d0fffe; http://localhost:9090/item/GET; user-c5bd74b3; 0:0:0:0:0:0:0:1; Desktop; USER; http://localhost:9090/item/GET; ; ; ; ;  
2025-04-09 09:33:31.672; neo.spider.solution.E2E; 1744158811671; f072dfce-c8ed-4cba-9e6e-4313d3d0fffe; http://localhost:9090/item/GET; user-c5bd74b3; 0:0:0:0:0:0:0:1; Desktop; http://localhost:9090/item/GET; TestController.getItem; ; ; ; ;  
2025-04-09 09:33:31.672; neo.spider.solution.E2E; 1744158811672; f072dfce-c8ed-4cba-9e6e-4313d3d0fffe; http://localhost:9090/item/GET; user-c5bd74b3; 0:0:0:0:0:0:0:1; Desktop; TestController.getItem; TestService.getItemById; ; ; ; ;  
2025-04-09 09:33:31.678; neo.spider.solution.E2E; 1744158811678; f072dfce-c8ed-4cba-9e6e-4313d3d0fffe; http://localhost:9090/item/GET; user-c5bd74b3; 0:0:0:0:0:0:0:1; Desktop; TestService.getItemById; TestService.getItemById; 3; ; ; DataBase Access Delayed!!!!; SELECT * FROM item WHERE id = ? 
2025-04-09 09:33:31.678; neo.spider.solution.E2E; 1744158811678; f072dfce-c8ed-4cba-9e6e-4313d3d0fffe; http://localhost:9090/item/GET; user-c5bd74b3; 0:0:0:0:0:0:0:1; Desktop; TestService.getItemById; TestController.getItem; 6; ; ; ;  
2025-04-09 09:33:31.678; neo.spider.solution.E2E; 1744158811678; f072dfce-c8ed-4cba-9e6e-4313d3d0fffe; http://localhost:9090/item/GET; user-c5bd74b3; 0:0:0:0:0:0:0:1; Desktop; TestController.getItem; http://localhost:9090/item/GET; 7; ; ; ;  
2025-04-09 09:33:31.679; neo.spider.solution.E2E; 1744158811679; f072dfce-c8ed-4cba-9e6e-4313d3d0fffe; http://localhost:9090/item/GET; user-c5bd74b3; 0:0:0:0:0:0:0:1; Desktop; http://localhost:9090/item/GET; USER; 9; ; ; ;  
2025-04-09 09:33:32.077; neo.spider.solution.E2E; 1744158812077; a9b0a823-3c61-4752-91d7-a361e185f10e; http://localhost:9090/item/GET; user-e6d9f2a2; 0:0:0:0:0:0:0:1; Desktop; USER; http://localhost:9090/item/GET; ; ; ; ;  
2025-04-09 09:33:32.078; neo.spider.solution.E2E; 1744158812078; a9b0a823-3c61-4752-91d7-a361e185f10e; http://localhost:9090/item/GET; user-e6d9f2a2; 0:0:0:0:0:0:0:1; Desktop; http://localhost:9090/item/GET; TestController.getItem; ; ; ; ;  
2025-04-09 09:33:32.078; neo.spider.solution.E2E; 1744158812078; a9b0a823-3c61-4752-91d7-a361e185f10e; http://localhost:9090/item/GET; user-e6d9f2a2; 0:0:0:0:0:0:0:1; Desktop; TestController.getItem; TestService.getItemById; ; ; ; ;  
2025-04-09 09:33:32.082; neo.spider.solution.E2E; 1744158812082; a9b0a823-3c61-4752-91d7-a361e185f10e; http://localhost:9090/item/GET; user-e6d9f2a2; 0:0:0:0:0:0:0:1; Desktop; TestService.getItemById; TestService.getItemById; 3; ; ; DataBase Access Delayed!!!!; SELECT * FROM item WHERE id = ? 
2025-04-09 09:33:32.082; neo.spider.solution.E2E; 1744158812082; a9b0a823-3c61-4752-91d7-a361e185f10e; http://localhost:9090/item/GET; user-e6d9f2a2; 0:0:0:0:0:0:0:1; Desktop; TestService.getItemById; TestController.getItem; 4; ; ; ;  
2025-04-09 09:33:32.082; neo.spider.solution.E2E; 1744158812082; a9b0a823-3c61-4752-91d7-a361e185f10e; http://localhost:9090/item/GET; user-e6d9f2a2; 0:0:0:0:0:0:0:1; Desktop; TestController.getItem; http://localhost:9090/item/GET; 4; ; ; ;  
2025-04-09 09:33:32.083; neo.spider.solution.E2E; 1744158812083; a9b0a823-3c61-4752-91d7-a361e185f10e; http://localhost:9090/item/GET; user-e6d9f2a2; 0:0:0:0:0:0:0:1; Desktop; http://localhost:9090/item/GET; USER; 6; ; ; ;  
2025-04-09 09:33:32.424; neo.spider.solution.E2E; 1744158812424; 67bb4256-52fd-42e1-939c-42b2c307b62b; http://localhost:9090/item/GET; user-fb7d5c87; 0:0:0:0:0:0:0:1; Desktop; USER; http://localhost:9090/item/GET; ; ; ; ;  
2025-04-09 09:33:32.426; neo.spider.solution.E2E; 1744158812426; 67bb4256-52fd-42e1-939c-42b2c307b62b; http://localhost:9090/item/GET; user-fb7d5c87; 0:0:0:0:0:0:0:1; Desktop; http://localhost:9090/item/GET; TestController.getItem; ; ; ; ;  
2025-04-09 09:33:32.426; neo.spider.solution.E2E; 1744158812426; 67bb4256-52fd-42e1-939c-42b2c307b62b; http://localhost:9090/item/GET; user-fb7d5c87; 0:0:0:0:0:0:0:1; Desktop; TestController.getItem; TestService.getItemById; ; ; ; ;  
2025-04-09 09:33:32.431; neo.spider.solution.E2E; 1744158812431; 67bb4256-52fd-42e1-939c-42b2c307b62b; http://localhost:9090/item/GET; user-fb7d5c87; 0:0:0:0:0:0:0:1; Desktop; TestService.getItemById; TestService.getItemById; 5; ; ; DataBase Access Delayed!!!!; SELECT * FROM item WHERE id = ? 
2025-04-09 09:33:32.432; neo.spider.solution.E2E; 1744158812432; 67bb4256-52fd-42e1-939c-42b2c307b62b; http://localhost:9090/item/GET; user-fb7d5c87; 0:0:0:0:0:0:0:1; Desktop; TestService.getItemById; TestController.getItem; 6; ; ; ;  
2025-04-09 09:33:32.432; neo.spider.solution.E2E; 1744158812432; 67bb4256-52fd-42e1-939c-42b2c307b62b; http://localhost:9090/item/GET; user-fb7d5c87; 0:0:0:0:0:0:0:1; Desktop; TestController.getItem; http://localhost:9090/item/GET; 6; ; ; ;  
2025-04-09 09:33:32.433; neo.spider.solution.E2E; 1744158812433; 67bb4256-52fd-42e1-939c-42b2c307b62b; http://localhost:9090/item/GET; user-fb7d5c87; 0:0:0:0:0:0:0:1; Desktop; http://localhost:9090/item/GET; USER; 9; ; ; ;  
2025-04-09 09:33:32.727; neo.spider.solution.E2E; 1744158812726; 8c0ba5d1-df85-457a-b36d-e2cf88403661; http://localhost:9090/item/GET; user-5461243c; 0:0:0:0:0:0:0:1; Desktop; USER; http://localhost:9090/item/GET; ; ; ; ;  
2025-04-09 09:33:32.727; neo.spider.solution.E2E; 1744158812727; 8c0ba5d1-df85-457a-b36d-e2cf88403661; http://localhost:9090/item/GET; user-5461243c; 0:0:0:0:0:0:0:1; Desktop; http://localhost:9090/item/GET; TestController.getItem; ; ; ; ;  
2025-04-09 09:33:32.727; neo.spider.solution.E2E; 1744158812727; 8c0ba5d1-df85-457a-b36d-e2cf88403661; http://localhost:9090/item/GET; user-5461243c; 0:0:0:0:0:0:0:1; Desktop; TestController.getItem; TestService.getItemById; ; ; ; ;  
2025-04-09 09:33:32.733; neo.spider.solution.E2E; 1744158812733; 8c0ba5d1-df85-457a-b36d-e2cf88403661; http://localhost:9090/item/GET; user-5461243c; 0:0:0:0:0:0:0:1; Desktop; TestService.getItemById; TestService.getItemById; 5; ; ; DataBase Access Delayed!!!!; SELECT * FROM item WHERE id = ? 
2025-04-09 09:33:32.733; neo.spider.solution.E2E; 1744158812733; 8c0ba5d1-df85-457a-b36d-e2cf88403661; http://localhost:9090/item/GET; user-5461243c; 0:0:0:0:0:0:0:1; Desktop; TestService.getItemById; TestController.getItem; 6; ; ; ;  
2025-04-09 09:33:32.733; neo.spider.solution.E2E; 1744158812733; 8c0ba5d1-df85-457a-b36d-e2cf88403661; http://localhost:9090/item/GET; user-5461243c; 0:0:0:0:0:0:0:1; Desktop; TestController.getItem; http://localhost:9090/item/GET; 6; ; ; ;  
2025-04-09 09:33:32.734; neo.spider.solution.E2E; 1744158812734; 8c0ba5d1-df85-457a-b36d-e2cf88403661; http://localhost:9090/item/GET; user-5461243c; 0:0:0:0:0:0:0:1; Desktop; http://localhost:9090/item/GET; USER; 8; ; ; ;  
2025-04-09 09:33:33.347; neo.spider.solution.E2E; 1744158813347; 01b3f753-40cf-4001-8d77-b2be5c3ac737; http://localhost:9090/item/GET; user-1245f167; 0:0:0:0:0:0:0:1; Desktop; USER; http://localhost:9090/item/GET; ; ; ; ;  
2025-04-09 09:33:33.347; neo.spider.solution.E2E; 1744158813347; 01b3f753-40cf-4001-8d77-b2be5c3ac737; http://localhost:9090/item/GET; user-1245f167; 0:0:0:0:0:0:0:1; Desktop; http://localhost:9090/item/GET; TestController.getItem; ; ; ; ;  
2025-04-09 09:33:33.348; neo.spider.solution.E2E; 1744158813348; 01b3f753-40cf-4001-8d77-b2be5c3ac737; http://localhost:9090/item/GET; user-1245f167; 0:0:0:0:0:0:0:1; Desktop; TestController.getItem; TestService.getItemById; ; ; ; ;  
2025-04-09 09:33:33.354; neo.spider.solution.E2E; 1744158813354; 01b3f753-40cf-4001-8d77-b2be5c3ac737; http://localhost:9090/item/GET; user-1245f167; 0:0:0:0:0:0:0:1; Desktop; TestService.getItemById; TestService.getItemById; 3; ; ; DataBase Access Delayed!!!!; SELECT * FROM item WHERE id = ? 
2025-04-09 09:33:33.354; neo.spider.solution.E2E; 1744158813354; 01b3f753-40cf-4001-8d77-b2be5c3ac737; http://localhost:9090/item/GET; user-1245f167; 0:0:0:0:0:0:0:1; Desktop; TestService.getItemById; TestController.getItem; 6; ; ; ;  
2025-04-09 09:33:33.354; neo.spider.solution.E2E; 1744158813354; 01b3f753-40cf-4001-8d77-b2be5c3ac737; http://localhost:9090/item/GET; user-1245f167; 0:0:0:0:0:0:0:1; Desktop; TestController.getItem; http://localhost:9090/item/GET; 7; ; ; ;  
2025-04-09 09:33:33.355; neo.spider.solution.E2E; 1744158813355; 01b3f753-40cf-4001-8d77-b2be5c3ac737; http://localhost:9090/item/GET; user-1245f167; 0:0:0:0:0:0:0:1; Desktop; http://localhost:9090/item/GET; USER; 8; ; ; ;  
2025-04-09 09:33:33.878; neo.spider.solution.E2E; 1744158813878; f99ebd20-d03e-4343-acde-890704451ea1; http://localhost:9090/item/GET; user-e6e9467d; 0:0:0:0:0:0:0:1; Desktop; USER; http://localhost:9090/item/GET; ; ; ; ;  
2025-04-09 09:33:33.879; neo.spider.solution.E2E; 1744158813879; f99ebd20-d03e-4343-acde-890704451ea1; http://localhost:9090/item/GET; user-e6e9467d; 0:0:0:0:0:0:0:1; Desktop; http://localhost:9090/item/GET; TestController.getItem; ; ; ; ;  
2025-04-09 09:33:33.879; neo.spider.solution.E2E; 1744158813879; f99ebd20-d03e-4343-acde-890704451ea1; http://localhost:9090/item/GET; user-e6e9467d; 0:0:0:0:0:0:0:1; Desktop; TestController.getItem; TestService.getItemById; ; ; ; ;  
2025-04-09 09:33:33.884; neo.spider.solution.E2E; 1744158813884; f99ebd20-d03e-4343-acde-890704451ea1; http://localhost:9090/item/GET; user-e6e9467d; 0:0:0:0:0:0:0:1; Desktop; TestService.getItemById; TestService.getItemById; 2; ; ; DataBase Access Delayed!!!!; SELECT * FROM item WHERE id = ? 
2025-04-09 09:33:33.884; neo.spider.solution.E2E; 1744158813884; f99ebd20-d03e-4343-acde-890704451ea1; http://localhost:9090/item/GET; user-e6e9467d; 0:0:0:0:0:0:0:1; Desktop; TestService.getItemById; TestController.getItem; 5; ; ; ;  
2025-04-09 09:33:33.884; neo.spider.solution.E2E; 1744158813884; f99ebd20-d03e-4343-acde-890704451ea1; http://localhost:9090/item/GET; user-e6e9467d; 0:0:0:0:0:0:0:1; Desktop; TestController.getItem; http://localhost:9090/item/GET; 5; ; ; ;  
2025-04-09 09:33:33.885; neo.spider.solution.E2E; 1744158813885; f99ebd20-d03e-4343-acde-890704451ea1; http://localhost:9090/item/GET; user-e6e9467d; 0:0:0:0:0:0:0:1; Desktop; http://localhost:9090/item/GET; USER; 7; ; ; ;  
2025-04-09 09:33:34.332; neo.spider.solution.E2E; 1744158814332; 171c2094-ec66-4c62-9bdf-524d424e9014; http://localhost:9090/item/GET; user-5b46c4bd; 0:0:0:0:0:0:0:1; Desktop; USER; http://localhost:9090/item/GET; ; ; ; ;  
2025-04-09 09:33:34.333; neo.spider.solution.E2E; 1744158814333; 171c2094-ec66-4c62-9bdf-524d424e9014; http://localhost:9090/item/GET; user-5b46c4bd; 0:0:0:0:0:0:0:1; Desktop; http://localhost:9090/item/GET; TestController.getItem; ; ; ; ;  
2025-04-09 09:33:34.333; neo.spider.solution.E2E; 1744158814333; 171c2094-ec66-4c62-9bdf-524d424e9014; http://localhost:9090/item/GET; user-5b46c4bd; 0:0:0:0:0:0:0:1; Desktop; TestController.getItem; TestService.getItemById; ; ; ; ;  
2025-04-09 09:33:34.338; neo.spider.solution.E2E; 1744158814338; 171c2094-ec66-4c62-9bdf-524d424e9014; http://localhost:9090/item/GET; user-5b46c4bd; 0:0:0:0:0:0:0:1; Desktop; TestService.getItemById; TestService.getItemById; 4; ; ; DataBase Access Delayed!!!!; SELECT * FROM item WHERE id = ? 
2025-04-09 09:33:34.338; neo.spider.solution.E2E; 1744158814338; 171c2094-ec66-4c62-9bdf-524d424e9014; http://localhost:9090/item/GET; user-5b46c4bd; 0:0:0:0:0:0:0:1; Desktop; TestService.getItemById; TestController.getItem; 5; ; ; ;  
2025-04-09 09:33:34.338; neo.spider.solution.E2E; 1744158814338; 171c2094-ec66-4c62-9bdf-524d424e9014; http://localhost:9090/item/GET; user-5b46c4bd; 0:0:0:0:0:0:0:1; Desktop; TestController.getItem; http://localhost:9090/item/GET; 5; ; ; ;  
2025-04-09 09:33:34.339; neo.spider.solution.E2E; 1744158814339; 171c2094-ec66-4c62-9bdf-524d424e9014; http://localhost:9090/item/GET; user-5b46c4bd; 0:0:0:0:0:0:0:1; Desktop; http://localhost:9090/item/GET; USER; 7; ; ; ;  
2025-04-09 09:33:34.706; neo.spider.solution.E2E; 1744158814706; ea486c94-086c-412d-8095-e05b9b805314; http://localhost:9090/item/GET; user-63ed048d; 0:0:0:0:0:0:0:1; Desktop; USER; http://localhost:9090/item/GET; ; ; ; ;  
2025-04-09 09:33:34.707; neo.spider.solution.E2E; 1744158814707; ea486c94-086c-412d-8095-e05b9b805314; http://localhost:9090/item/GET; user-63ed048d; 0:0:0:0:0:0:0:1; Desktop; http://localhost:9090/item/GET; TestController.getItem; ; ; ; ;  
2025-04-09 09:33:34.707; neo.spider.solution.E2E; 1744158814707; ea486c94-086c-412d-8095-e05b9b805314; http://localhost:9090/item/GET; user-63ed048d; 0:0:0:0:0:0:0:1; Desktop; TestController.getItem; TestService.getItemById; ; ; ; ;  
2025-04-09 09:33:34.710; neo.spider.solution.E2E; 1744158814710; ea486c94-086c-412d-8095-e05b9b805314; http://localhost:9090/item/GET; user-63ed048d; 0:0:0:0:0:0:0:1; Desktop; TestService.getItemById; TestService.getItemById; 3; ; ; DataBase Access Delayed!!!!; SELECT * FROM item WHERE id = ? 
2025-04-09 09:33:34.711; neo.spider.solution.E2E; 1744158814711; ea486c94-086c-412d-8095-e05b9b805314; http://localhost:9090/item/GET; user-63ed048d; 0:0:0:0:0:0:0:1; Desktop; TestService.getItemById; TestController.getItem; 4; ; ; ;  
2025-04-09 09:33:34.711; neo.spider.solution.E2E; 1744158814711; ea486c94-086c-412d-8095-e05b9b805314; http://localhost:9090/item/GET; user-63ed048d; 0:0:0:0:0:0:0:1; Desktop; TestController.getItem; http://localhost:9090/item/GET; 4; ; ; ;  
2025-04-09 09:33:34.712; neo.spider.solution.E2E; 1744158814712; ea486c94-086c-412d-8095-e05b9b805314; http://localhost:9090/item/GET; user-63ed048d; 0:0:0:0:0:0:0:1; Desktop; http://localhost:9090/item/GET; USER; 6; ; ; ;  
2025-04-09 09:33:35.025; neo.spider.solution.E2E; 1744158815024; 3180858e-4cb3-4cb7-b784-6aa576546eaf; http://localhost:9090/item/GET; user-3136c678; 0:0:0:0:0:0:0:1; Desktop; USER; http://localhost:9090/item/GET; ; ; ; ;  
2025-04-09 09:33:35.026; neo.spider.solution.E2E; 1744158815025; 3180858e-4cb3-4cb7-b784-6aa576546eaf; http://localhost:9090/item/GET; user-3136c678; 0:0:0:0:0:0:0:1; Desktop; http://localhost:9090/item/GET; TestController.getItem; ; ; ; ;  
2025-04-09 09:33:35.026; neo.spider.solution.E2E; 1744158815026; 3180858e-4cb3-4cb7-b784-6aa576546eaf; http://localhost:9090/item/GET; user-3136c678; 0:0:0:0:0:0:0:1; Desktop; TestController.getItem; TestService.getItemById; ; ; ; ;  
2025-04-09 09:33:35.034; neo.spider.solution.E2E; 1744158815034; 3180858e-4cb3-4cb7-b784-6aa576546eaf; http://localhost:9090/item/GET; user-3136c678; 0:0:0:0:0:0:0:1; Desktop; TestService.getItemById; TestService.getItemById; 8; ; ; DataBase Access Delayed!!!!; SELECT * FROM item WHERE id = ? 
2025-04-09 09:33:35.034; neo.spider.solution.E2E; 1744158815034; 3180858e-4cb3-4cb7-b784-6aa576546eaf; http://localhost:9090/item/GET; user-3136c678; 0:0:0:0:0:0:0:1; Desktop; TestService.getItemById; TestController.getItem; 8; ; ; ;  
2025-04-09 09:33:35.034; neo.spider.solution.E2E; 1744158815034; 3180858e-4cb3-4cb7-b784-6aa576546eaf; http://localhost:9090/item/GET; user-3136c678; 0:0:0:0:0:0:0:1; Desktop; TestController.getItem; http://localhost:9090/item/GET; 9; ; ; ;  
2025-04-09 09:33:35.035; neo.spider.solution.E2E; 1744158815035; 3180858e-4cb3-4cb7-b784-6aa576546eaf; http://localhost:9090/item/GET; user-3136c678; 0:0:0:0:0:0:0:1; Desktop; http://localhost:9090/item/GET; USER; 11; ; ; ;  
